# JRE version: OpenJDK Runtime Environment Temurin-21.0.9+10 (21.0.9+10) (build 21.0.9+10-LTS)
# Java VM: OpenJDK 64-Bit Server VM Temurin-21.0.9+10 (21.0.9+10-LTS, mixed mode, sharing, tiered, compressed oops, compressed class ptrs, parallel gc, windows-amd64)
GC Precious Log:
 CardTable entry size: 512
 CPUs: 4 total, 4 available
 Memory: 3738M
 Large Page Support: Disabled
 NUMA Support: Disabled
 Compressed Oops: Enabled (32-bit)
 Alignments: Space 512K, Generation 512K, Heap 2M
 Heap Min Capacity: 100M
 Heap Initial Capacity: 100M
 Heap Max Capacity: 2G
 Pre-touch: Disabled
 Parallel Workers: 4
Heap:
 PSYoungGen      total 5632K, used 3848K [0x00000000d5580000, 0x00000000d5f00000, 0x0000000100000000)
  eden space 5120K, 68% used [0x00000000d5580000,0x00000000d58f2178,0x00000000d5a80000)
  from space 512K, 62% used [0x00000000d5e00000,0x00000000d5e50020,0x00000000d5e80000)
  to   space 512K, 0% used [0x00000000d5e80000,0x00000000d5e80000,0x00000000d5f00000)
 ParOldGen       total 1382912K, used 1381753K [0x0000000080000000, 0x00000000d4680000, 0x00000000d5580000)
  object space 1382912K, 99% used [0x0000000080000000,0x00000000d455e7a8,0x00000000d4680000)
 Metaspace       used 90300K, committed 92096K, reserved 1179648K
  class space    used 9363K, committed 10176K, reserved 1048576K
GC Heap History (20 events):
Event: 6339.056 GC heap before
{Heap before GC invocations=1620 (full 4):
 PSYoungGen      total 6656K, used 6141K [0x00000000d5580000, 0x00000000d5f00000, 0x0000000100000000)
  eden space 5120K, 99% used [0x00000000d5580000,0x00000000d5a7f588,0x00000000d5a80000)
  from space 1536K, 66% used [0x00000000d5c00000,0x00000000d5d00000,0x00000000d5d80000)
  to   space 1536K, 0% used [0x00000000d5d80000,0x00000000d5d80000,0x00000000d5f00000)
 ParOldGen       total 1342464K, used 1342415K [0x0000000080000000, 0x00000000d1f00000, 0x00000000d5580000)
  object space 1342464K, 99% used [0x0000000080000000,0x00000000d1ef3d38,0x00000000d1f00000)
 Metaspace       used 90260K, committed 92096K, reserved 1179648K
  class space    used 9363K, committed 10176K, reserved 1048576K
}
Event: 6339.068 GC heap after
{Heap after GC invocations=1620 (full 4):
 PSYoungGen      total 6656K, used 1362K [0x00000000d5580000, 0x00000000d5f00000, 0x0000000100000000)
  eden space 5120K, 0% used [0x00000000d5580000,0x00000000d5580000,0x00000000d5a80000)
  from space 1536K, 88% used [0x00000000d5d80000,0x00000000d5ed4b88,0x00000000d5f00000)
  to   space 1536K, 0% used [0x00000000d5c00000,0x00000000d5c00000,0x00000000d5d80000)
 ParOldGen       total 1342976K, used 1342887K [0x0000000080000000, 0x00000000d1f80000, 0x00000000d5580000)
  object space 1342976K, 99% used [0x0000000080000000,0x00000000d1f69d38,0x00000000d1f80000)
 Metaspace       used 90260K, committed 92096K, reserved 1179648K
  class space    used 9363K, committed 10176K, reserved 1048576K
}
Event: 6339.185 GC heap before
{Heap before GC invocations=1621 (full 4):
 PSYoungGen      total 6656K, used 6482K [0x00000000d5580000, 0x00000000d5f00000, 0x0000000100000000)
  eden space 5120K, 100% used [0x00000000d5580000,0x00000000d5a80000,0x00000000d5a80000)
  from space 1536K, 88% used [0x00000000d5d80000,0x00000000d5ed4b88,0x00000000d5f00000)
  to   space 1536K, 0% used [0x00000000d5c00000,0x00000000d5c00000,0x00000000d5d80000)
 ParOldGen       total 1342976K, used 1342887K [0x0000000080000000, 0x00000000d1f80000, 0x00000000d5580000)
  object space 1342976K, 99% used [0x0000000080000000,0x00000000d1f69d38,0x00000000d1f80000)
 Metaspace       used 90260K, committed 92096K, reserved 1179648K
  class space    used 9363K, committed 10176K, reserved 1048576K
}
Event: 6339.189 GC heap after
{Heap after GC invocations=1621 (full 4):
 PSYoungGen      total 6656K, used 1512K [0x00000000d5580000, 0x00000000d6180000, 0x0000000100000000)
  eden space 5120K, 0% used [0x00000000d5580000,0x00000000d5580000,0x00000000d5a80000)
  from space 1536K, 98% used [0x00000000d5c00000,0x00000000d5d7a228,0x00000000d5d80000)
  to   space 3584K, 0% used [0x00000000d5e00000,0x00000000d5e00000,0x00000000d6180000)
 ParOldGen       total 1344512K, used 1344496K [0x0000000080000000, 0x00000000d2100000, 0x00000000d5580000)
  object space 1344512K, 99% used [0x0000000080000000,0x00000000d20fc2d8,0x00000000d2100000)
 Metaspace       used 90260K, committed 92096K, reserved 1179648K
  class space    used 9363K, committed 10176K, reserved 1048576K
}
Event: 6339.301 GC heap before
{Heap before GC invocations=1622 (full 4):
 PSYoungGen      total 6656K, used 6632K [0x00000000d5580000, 0x00000000d6180000, 0x0000000100000000)
  eden space 5120K, 100% used [0x00000000d5580000,0x00000000d5a80000,0x00000000d5a80000)
  from space 1536K, 98% used [0x00000000d5c00000,0x00000000d5d7a228,0x00000000d5d80000)
  to   space 3584K, 0% used [0x00000000d5e00000,0x00000000d5e00000,0x00000000d6180000)
 ParOldGen       total 1344512K, used 1344496K [0x0000000080000000, 0x00000000d2100000, 0x00000000d5580000)
  object space 1344512K, 99% used [0x0000000080000000,0x00000000d20fc2d8,0x00000000d2100000)
 Metaspace       used 90266K, committed 92096K, reserved 1179648K
  class space    used 9363K, committed 10176K, reserved 1048576K
}
Event: 6339.310 GC heap after
{Heap after GC invocations=1622 (full 4):
 PSYoungGen      total 6656K, used 1504K [0x00000000d5580000, 0x00000000d5f80000, 0x0000000100000000)
  eden space 5120K, 0% used [0x00000000d5580000,0x00000000d5580000,0x00000000d5a80000)
  from space 1536K, 97% used [0x00000000d5e00000,0x00000000d5f78020,0x00000000d5f80000)
  to   space 2560K, 0% used [0x00000000d5a80000,0x00000000d5a80000,0x00000000d5d00000)
 ParOldGen       total 1346048K, used 1345985K [0x0000000080000000, 0x00000000d2280000, 0x00000000d5580000)
  object space 1346048K, 99% used [0x0000000080000000,0x00000000d2270728,0x00000000d2280000)
 Metaspace       used 90266K, committed 92096K, reserved 1179648K
  class space    used 9363K, committed 10176K, reserved 1048576K
}
Event: 6339.821 GC heap before
{Heap before GC invocations=1623 (full 4):
 PSYoungGen      total 6656K, used 6624K [0x00000000d5580000, 0x00000000d5f80000, 0x0000000100000000)
  eden space 5120K, 100% used [0x00000000d5580000,0x00000000d5a80000,0x00000000d5a80000)
  from space 1536K, 97% used [0x00000000d5e00000,0x00000000d5f78020,0x00000000d5f80000)
  to   space 2560K, 0% used [0x00000000d5a80000,0x00000000d5a80000,0x00000000d5d00000)
 ParOldGen       total 1346048K, used 1345985K [0x0000000080000000, 0x00000000d2280000, 0x00000000d5580000)
  object space 1346048K, 99% used [0x0000000080000000,0x00000000d2270728,0x00000000d2280000)
 Metaspace       used 90266K, committed 92096K, reserved 1179648K
  class space    used 9363K, committed 10176K, reserved 1048576K
}
Event: 6339.871 GC heap after
{Heap after GC invocations=1623 (full 4):
 PSYoungGen      total 7680K, used 2557K [0x00000000d5580000, 0x00000000d6580000, 0x0000000100000000)
  eden space 5120K, 0% used [0x00000000d5580000,0x00000000d5580000,0x00000000d5a80000)
  from space 2560K, 99% used [0x00000000d5a80000,0x00000000d5cff478,0x00000000d5d00000)
  to   space 5632K, 0% used [0x00000000d6000000,0x00000000d6000000,0x00000000d6580000)
 ParOldGen       total 1348608K, used 1348388K [0x0000000080000000, 0x00000000d2500000, 0x00000000d5580000)
  object space 1348608K, 99% used [0x0000000080000000,0x00000000d24c9338,0x00000000d2500000)
 Metaspace       used 90266K, committed 92096K, reserved 1179648K
  class space    used 9363K, committed 10176K, reserved 1048576K
}
Event: 6340.008 GC heap before
{Heap before GC invocations=1624 (full 4):
 PSYoungGen      total 7680K, used 7677K [0x00000000d5580000, 0x00000000d6580000, 0x0000000100000000)
  eden space 5120K, 100% used [0x00000000d5580000,0x00000000d5a80000,0x00000000d5a80000)
  from space 2560K, 99% used [0x00000000d5a80000,0x00000000d5cff478,0x00000000d5d00000)
  to   space 5632K, 0% used [0x00000000d6000000,0x00000000d6000000,0x00000000d6580000)
 ParOldGen       total 1348608K, used 1348388K [0x0000000080000000, 0x00000000d2500000, 0x00000000d5580000)
  object space 1348608K, 99% used [0x0000000080000000,0x00000000d24c9338,0x00000000d2500000)
 Metaspace       used 90267K, committed 92096K, reserved 1179648K
  class space    used 9363K, committed 10176K, reserved 1048576K
}
Event: 6340.079 GC heap after
{Heap after GC invocations=1624 (full 4):
 PSYoungGen      total 6144K, used 996K [0x00000000d5580000, 0x00000000d6100000, 0x0000000100000000)
  eden space 5120K, 0% used [0x00000000d5580000,0x00000000d5580000,0x00000000d5a80000)
  from space 1024K, 97% used [0x00000000d6000000,0x00000000d60f9210,0x00000000d6100000)
  to   space 2560K, 0% used [0x00000000d5c00000,0x00000000d5c00000,0x00000000d5e80000)
 ParOldGen       total 1348608K, used 1348564K [0x0000000080000000, 0x00000000d2500000, 0x00000000d5580000)
  object space 1348608K, 99% used [0x0000000080000000,0x00000000d24f5338,0x00000000d2500000)
 Metaspace       used 90267K, committed 92096K, reserved 1179648K
  class space    used 9363K, committed 10176K, reserved 1048576K
}
Event: 6340.608 GC heap before
{Heap before GC invocations=1625 (full 4):
 PSYoungGen      total 6144K, used 6116K [0x00000000d5580000, 0x00000000d6100000, 0x0000000100000000)
  eden space 5120K, 100% used [0x00000000d5580000,0x00000000d5a80000,0x00000000d5a80000)
  from space 1024K, 97% used [0x00000000d6000000,0x00000000d60f9210,0x00000000d6100000)
  to   space 2560K, 0% used [0x00000000d5c00000,0x00000000d5c00000,0x00000000d5e80000)
 ParOldGen       total 1348608K, used 1348564K [0x0000000080000000, 0x00000000d2500000, 0x00000000d5580000)
  object space 1348608K, 99% used [0x0000000080000000,0x00000000d24f5338,0x00000000d2500000)
 Metaspace       used 90272K, committed 92096K, reserved 1179648K
  class space    used 9363K, committed 10176K, reserved 1048576K
}
Event: 6340.646 GC heap after
{Heap after GC invocations=1625 (full 4):
 PSYoungGen      total 7680K, used 948K [0x00000000d5580000, 0x00000000d6080000, 0x0000000100000000)
  eden space 5120K, 0% used [0x00000000d5580000,0x00000000d5580000,0x00000000d5a80000)
  from space 2560K, 37% used [0x00000000d5c00000,0x00000000d5ced200,0x00000000d5e80000)
  to   space 1536K, 0% used [0x00000000d5f00000,0x00000000d5f00000,0x00000000d6080000)
 ParOldGen       total 1349632K, used 1349529K [0x0000000080000000, 0x00000000d2600000, 0x00000000d5580000)
  object space 1349632K, 99% used [0x0000000080000000,0x00000000d25e6548,0x00000000d2600000)
 Metaspace       used 90272K, committed 92096K, reserved 1179648K
  class space    used 9363K, committed 10176K, reserved 1048576K
}
Event: 6340.901 GC heap before
{Heap before GC invocations=1626 (full 4):
 PSYoungGen      total 7680K, used 6068K [0x00000000d5580000, 0x00000000d6080000, 0x0000000100000000)
  eden space 5120K, 100% used [0x00000000d5580000,0x00000000d5a80000,0x00000000d5a80000)
  from space 2560K, 37% used [0x00000000d5c00000,0x00000000d5ced200,0x00000000d5e80000)
  to   space 1536K, 0% used [0x00000000d5f00000,0x00000000d5f00000,0x00000000d6080000)
 ParOldGen       total 1349632K, used 1349529K [0x0000000080000000, 0x00000000d2600000, 0x00000000d5580000)
  object space 1349632K, 99% used [0x0000000080000000,0x00000000d25e6548,0x00000000d2600000)
 Metaspace       used 90273K, committed 92096K, reserved 1179648K
  class space    used 9363K, committed 10176K, reserved 1048576K
}
Event: 6340.939 GC heap after
{Heap after GC invocations=1626 (full 4):
 PSYoungGen      total 6144K, used 1008K [0x00000000d5580000, 0x00000000d6000000, 0x0000000100000000)
  eden space 5120K, 0% used [0x00000000d5580000,0x00000000d5580000,0x00000000d5a80000)
  from space 1024K, 98% used [0x00000000d5f00000,0x00000000d5ffc030,0x00000000d6000000)
  to   space 1536K, 0% used [0x00000000d5d00000,0x00000000d5d00000,0x00000000d5e80000)
 ParOldGen       total 1350656K, used 1350401K [0x0000000080000000, 0x00000000d2700000, 0x00000000d5580000)
  object space 1350656K, 99% used [0x0000000080000000,0x00000000d26c0758,0x00000000d2700000)
 Metaspace       used 90273K, committed 92096K, reserved 1179648K
  class space    used 9363K, committed 10176K, reserved 1048576K
}
Event: 6341.040 GC heap before
{Heap before GC invocations=1627 (full 4):
 PSYoungGen      total 6144K, used 6128K [0x00000000d5580000, 0x00000000d6000000, 0x0000000100000000)
  eden space 5120K, 100% used [0x00000000d5580000,0x00000000d5a80000,0x00000000d5a80000)
  from space 1024K, 98% used [0x00000000d5f00000,0x00000000d5ffc030,0x00000000d6000000)
  to   space 1536K, 0% used [0x00000000d5d00000,0x00000000d5d00000,0x00000000d5e80000)
 ParOldGen       total 1350656K, used 1350401K [0x0000000080000000, 0x00000000d2700000, 0x00000000d5580000)
  object space 1350656K, 99% used [0x0000000080000000,0x00000000d26c0758,0x00000000d2700000)
 Metaspace       used 90275K, committed 92096K, reserved 1179648K
  class space    used 9363K, committed 10176K, reserved 1048576K
}
Event: 6341.081 GC heap after
{Heap after GC invocations=1627 (full 4):
 PSYoungGen      total 6656K, used 320K [0x00000000d5580000, 0x00000000d5f80000, 0x0000000100000000)
  eden space 5120K, 0% used [0x00000000d5580000,0x00000000d5580000,0x00000000d5a80000)
  from space 1536K, 20% used [0x00000000d5d00000,0x00000000d5d50000,0x00000000d5e80000)
  to   space 1024K, 0% used [0x00000000d5e80000,0x00000000d5e80000,0x00000000d5f80000)
 ParOldGen       total 1350656K, used 1350649K [0x0000000080000000, 0x00000000d2700000, 0x00000000d5580000)
  object space 1350656K, 99% used [0x0000000080000000,0x00000000d26fe778,0x00000000d2700000)
 Metaspace       used 90275K, committed 92096K, reserved 1179648K
  class space    used 9363K, committed 10176K, reserved 1048576K
}
Event: 6342.558 GC heap before
{Heap before GC invocations=1628 (full 4):
 PSYoungGen      total 6656K, used 5439K [0x00000000d5580000, 0x00000000d5f80000, 0x0000000100000000)
  eden space 5120K, 99% used [0x00000000d5580000,0x00000000d5a7fff8,0x00000000d5a80000)
  from space 1536K, 20% used [0x00000000d5d00000,0x00000000d5d50000,0x00000000d5e80000)
  to   space 1024K, 0% used [0x00000000d5e80000,0x00000000d5e80000,0x00000000d5f80000)
 ParOldGen       total 1350656K, used 1350649K [0x0000000080000000, 0x00000000d2700000, 0x00000000d5580000)
  object space 1350656K, 99% used [0x0000000080000000,0x00000000d26fe778,0x00000000d2700000)
 Metaspace       used 90280K, committed 92096K, reserved 1179648K
  class space    used 9363K, committed 10176K, reserved 1048576K
}
Event: 6342.595 GC heap after
{Heap after GC invocations=1628 (full 4):
 PSYoungGen      total 5632K, used 224K [0x00000000d5580000, 0x00000000d5f00000, 0x0000000100000000)
  eden space 5120K, 0% used [0x00000000d5580000,0x00000000d5580000,0x00000000d5a80000)
  from space 512K, 43% used [0x00000000d5e80000,0x00000000d5eb8000,0x00000000d5f00000)
  to   space 512K, 0% used [0x00000000d5e00000,0x00000000d5e00000,0x00000000d5e80000)
 ParOldGen       total 1351168K, used 1350913K [0x0000000080000000, 0x00000000d2780000, 0x00000000d5580000)
  object space 1351168K, 99% used [0x0000000080000000,0x00000000d2740778,0x00000000d2780000)
 Metaspace       used 90280K, committed 92096K, reserved 1179648K
  class space    used 9363K, committed 10176K, reserved 1048576K
}
Event: 6514.705 GC heap before
{Heap before GC invocations=1629 (full 4):
 PSYoungGen      total 5632K, used 5344K [0x00000000d5580000, 0x00000000d5f00000, 0x0000000100000000)
  eden space 5120K, 100% used [0x00000000d5580000,0x00000000d5a80000,0x00000000d5a80000)
  from space 512K, 43% used [0x00000000d5e80000,0x00000000d5eb8000,0x00000000d5f00000)
  to   space 512K, 0% used [0x00000000d5e00000,0x00000000d5e00000,0x00000000d5e80000)
 ParOldGen       total 1382912K, used 1381633K [0x0000000080000000, 0x00000000d4680000, 0x00000000d5580000)
  object space 1382912K, 99% used [0x0000000080000000,0x00000000d45407a8,0x00000000d4680000)
 Metaspace       used 90295K, committed 92096K, reserved 1179648K
  class space    used 9363K, committed 10176K, reserved 1048576K
}
Event: 6515.471 GC heap after
{Heap after GC invocations=1629 (full 4):
 PSYoungGen      total 5632K, used 320K [0x00000000d5580000, 0x00000000d5f00000, 0x0000000100000000)
  eden space 5120K, 0% used [0x00000000d5580000,0x00000000d5580000,0x00000000d5a80000)
  from space 512K, 62% used [0x00000000d5e00000,0x00000000d5e50020,0x00000000d5e80000)
  to   space 512K, 0% used [0x00000000d5e80000,0x00000000d5e80000,0x00000000d5f00000)
 ParOldGen       total 1382912K, used 1381753K [0x0000000080000000, 0x00000000d4680000, 0x00000000d5580000)
  object space 1382912K, 99% used [0x0000000080000000,0x00000000d455e7a8,0x00000000d4680000)
 Metaspace       used 90295K, committed 92096K, reserved 1179648K
  class space    used 9363K, committed 10176K, reserved 1048576K
}

